.***.
optimization finished, #iter = 11

optimization finished, #iter = 10
Objective value = -952.354197
nSV = 3453
Objective value = -970.388553
nSV = 3417
.
optimization finished, #iter = 10
Objective value = -955.967289
nSV = 3445
.*.*
optimization finished, #iter = 11
Objective value = -1937.238830
nSV = 5484

optimization finished, #iter = 11
Objective value = -1935.880395
nSV = 5427
*.*..
optimization finished, #iter = 10
Objective value = -974.359982
nSV = 3421
**
optimization finished, #iter = 11
Objective value = -1917.730768
nSV = 5397
.*.
optimization finished, #iter = 10
Objective value = -985.950690
nSV = 3436

optimization finished, #iter = 11

optimization finished, #iter = 12
Objective value = -2000.999309
nSV = 5509
*Objective value = -955.373723
nSV = 3421
.*.
optimization finished, #iter = 10
Objective value = -930.780516
nSV = 3370
.*
optimization finished, #iter = 11
Objective value = -1971.829304
nSV = 5447
.**
optimization finished, #iter = 11
Objective value = -1914.437325
nSV = 5453

optimization finished, #iter = 11
.Objective value = -1966.520244
nSV = 5472

optimization finished, #iter = 10
Objective value = -966.155848
nSV = 3459
.*.*
optimization finished, #iter = 11
Objective value = -968.965222
nSV = 3423
.*
optimization finished, #iter = 11
Objective value = -1930.791406
nSV = 5453

optimization finished, #iter = 11
Objective value = -2026.254166
nSV = 5573
.*.
optimization finished, #iter = 11
Objective value = -2514.555156
nSV = 6669
*
optimization finished, #iter = 12
.Objective value = -2503.813145
nSV = 6553
*.*
optimization finished, #iter = 12
Objective value = -2473.500796
nSV = 6585

optimization finished, #iter = 11
Objective value = -2494.606394
nSV = 6582
.*.*.*
optimization finished, #iter = 12
Objective value = -2468.393283
nSV = 6570
.*
optimization finished, #iter = 12
Objective value = -2580.439712
nSV = 6688

optimization finished, #iter = 11
Objective value = -2584.199936
nSV = 6670
.*
optimization finished, #iter = 12
Objective value = -2552.062241
nSV = 6689

optimization finished, #iter = 11
Objective value = -2507.248839
nSV = 6594
