*.
optimization finished, #iter = 10
Objective value = -576.113947
nSV = 2266
*.
optimization finished, #iter = 10
Objective value = -660.108069
nSV = 2436
.*.
optimization finished, #iter = 12
Objective value = -1606.865540
nSV = 4490
*
optimization finished, #iter = 11
Objective value = -1259.104619
nSV = 3845
.**
optimization finished, #iter = 11
Objective value = -793.705443
nSV = 2667

optimization finished, #iter = 9
Objective value = -586.498216
nSV = 2341
.**
optimization finished, #iter = 11
Objective value = -1114.829538
nSV = 3545
.
optimization finished, #iter = 10
Objective value = -661.513964
nSV = 2387
.*.*
optimization finished, #iter = 11
Objective value = -1329.043100
nSV = 4081

optimization finished, #iter = 11
Objective value = -1747.159981
nSV = 4782
.*.*
optimization finished, #iter = 11
Objective value = -919.720028
nSV = 3163

optimization finished, #iter = 11
Objective value = -919.460369
nSV = 3061
*.
optimization finished, #iter = 10
Objective value = -484.359933
nSV = 1924
*.
optimization finished, #iter = 10
Objective value = -598.945301
nSV = 2568
*
optimization finished, #iter = 9
Objective value = -320.088487
nSV = 1798
*.
optimization finished, #iter = 10
Objective value = -731.947426
nSV = 3021
.**.
optimization finished, #iter = 10
Objective value = -821.933043
nSV = 3291

optimization finished, #iter = 12
Objective value = -2269.700444
nSV = 5883
.*
optimization finished, #iter = 11
Objective value = -1653.389090
nSV = 4794
.*
optimization finished, #iter = 11
Objective value = -1311.529329
nSV = 4160
*
optimization finished, #iter = 9
Objective value = -289.691141
nSV = 1730
.*.*
optimization finished, #iter = 11
Objective value = -1355.545392
nSV = 4218

optimization finished, #iter = 11
Objective value = -911.394609
nSV = 3459
.*.
optimization finished, #iter = 11
Objective value = -1817.319123
nSV = 5077
*
optimization finished, #iter = 12
Objective value = -1838.959735
nSV = 5012
.*
optimization finished, #iter = 11
Objective value = -1114.355725
nSV = 4012
*.
optimization finished, #iter = 10
Objective value = -906.702079
nSV = 3698
