start
261
283
parsecommandline last line eps:0.000001
end parse command line
56564.000000
57246.485129
58040.554037
58953.146349
59991.851507
61164.956860
62481.499835
63951.324510
65585.142922
67394.601496
69392.352991
71592.134403
74008.851292
76658.669056
79559.111681
82729.168598
86189.410251
89962.113110
94071.394863
98543.360603
103406.260902
108690.662713
114429.634131
120658.944130
127417.278476
134746.473115
142691.766433
151302.071918
160630.272861
170733.540850
181673.680003
193517.498981
206337.213032
220210.878484
235222.862282
251464.349414
269033.891257
288037.998145
308591.779718
330819.636904
354856.009683
380846.185136
408947.170620
439328.637330
472173.939908
507681.218223
546064.587946
587555.427067
632403.766087
680879.790235
733275.462731
789906.278847
851113.161309
917264.508411
988758.407166
1066025.024762
1149529.192709
1239773.199191
1337299.806398
1442695.510958
1556594.067059
1679680.293424
1812694.187002
1956435.368087
2111767.883567
2279625.397157
2461016.797778
2657032.259798
2868849.791499
3097742.311145
3345085.293122
3612365.030099
3901187.560823
4213288.317187
4550542.548513
4914976.585662
5308780.012631
5734318.818755
6194149.610510
6691034.968282
7227960.040337
7808150.473691
8435091.789554
9112550.319752
9844595.829872
10635625.965032
11490392.665096
12414030.708021
13412088.552765
14490561.667043
15655928.540092
16915189.596785
18275909.246824
19746261.321592
21335078.171585
23051903.719338
24907050.786512
26911663.039481
29077781.925536
31418419.001709
33947634.090736
36680619.733562
39633792.445707
42824891.325598
46273084.607222
49999084.797053
54025273.086926
58375833.790110
63076899.608074
68156708.600571
73645773.801876
79577066.501953
85986214.293570
92911715.074852
100395168.292768
108481524.816555
117219356.941925
126661150.147986
136863618.359167
147888044.606113
159800649.131406
172672987.151612
186582378.664415
201612372.883000
217853250.087012
235402563.904731
254365727.283750
274856645.669756
296998401.196895
320923991.999161
346777131.083859
374713109.565540
404899729.445545
437518311.540073
472764784.611134
510850862.242372
552005314.528448
596475342.217522
644528061.559704
696452108.781292
752559373.821823
813186873.748135
878698777.098498
949488591.315625
1025981526.408963
1108637049.042638
1197951642.391612
1294461788.342474
1398747189.953522
1511434253.528374
1633199851.220230
1764775386.766741
1906951188.776871
2060581257.959489
2226588396.807154
2405969752.549270
2599802806.666981
2809251846.948987
3035574960.961839
3280131592.942403
3544390709.506571
3829939623.217432
4138493527.018463
4471905796.800049
4832179123.980973
5221477544.976181
5642139439.810713
6096691577.949604
6587864295.722712
7118607896.501170
7692110372.141170
8311816552.136606
8981448795.511435
9705029349.727446
10486904510.924934
11331770730.603268
12244702825.569370
13231184460.590460
14297141086.853819
15448975534.085854
16693606470.115423
18038509958.897869
19491764366.620438
21062098885.634266
22758945967.659706
24592497981.235584
26573768433.724560
28714658125.603073
31028026634.416054
33527769557.784145
36228901979.391808
39147648659.365570
42301541490.750351
45709524807.470383
49392069176.315109
53371294356.528801
57671102165.450302
62317320048.410156
67337856215.168121
72762867274.803223
78624939375.934235
84959283940.336960
91803949165.697052
99200048567.822327
107192007935.184097
115827832179.183029
125159393682.839645
135242743880.121307
146138449937.329712
157911958558.984741
170633989103.258881
184380958368.590515
199235439602.621704
215286658490.957489
232631029104.706787
251372733026.119598
271624345131.064880
293507509786.985901
317153671528.193909
342704864597.276917
370314566095.284180
400148617865.117798
432386222645.571350
467221020479.655579
504862251842.764282
545536014477.294800
589486621482.759277
636978068819.290894
688295621039.552368
743747524772.939331
803666860255.857910
868413542028.320068
938376480815.004395
1013975919576.399170
1095665957761.429077
1183937278924.361572
1279320098090.201416
1382387346570.587158
1493758113362.850342
1614101363801.333496
1744139957798.633545
1884654991812.934326
2036490490622.066650
2200558477086.058105
2377844450349.038574
2569413305390.289062
2776415729475.637207
3000095113934.547852
3241795022778.511230
3502967263020.970215
3785180605174.981445
4090130206310.856934
4419647792272.598633
4775712660216.754883
5160463567559.301758
5576211578744.831055
6025453947004.307617
6510889114484.585938
7035432920847.731445
7602236117703.773438
8214703294073.673828
8876513326571.019531
9591641477127.275391
10364383271004.054688
11199380298515.701172
12101648095440.839844
13076606269595.308594
14130111054528.134766
15268490485868.367188
16498582411633.501953
17827775564790.132812
19264053944796.230469
20816044774702.218750
22493070321871.054688
24305203893575.093750
26263330343852.691406
28379211455017.730469
30665556586581.332031
33136099015948.105469
35805678429411.867188
38690330058983.984375
41807381000422.320312
45175554291067.242188
48815081372574.062500
52747823614132.046875
56997403626086.320312
61589347152716.093750
66551236396459.664062
71912875694595.125000
77706470543470.375000
83966821045718.562500
90731530942312.031250
98041233485102.875000
105939835506588.781250
114474781152970.921875
123697336864525.890625
133662899315290.656250
144431328161487.468750
156067305597645.281250
168640724879934.562500
182227110150580.312500
196908070085037.187500
212771788086830.500000
229913551974461.656250
248436326342145.218750
268451371032096.437500
290078909433655.875000
313448850623285.062500
338701569682888.625000
365988750884152.125000
395474298802884.625000
427335322836667.187500
461763201039233.562500
498964729661583.375000
539163365304980.437500
582600567146744.625000
629537247301187.375000
680255338027855.625000
735059485200033.750000
794278878206295.750000
858269227276233.625000
927414900107855.125000
1002131230629877.625000
1082867013768104.375000
1170107201199829.000000
1264375814289025.750000
1366239091700221.750000
1476308890596390.750000
1595246361851591.250000
1723765921353148.250000
1862639541249281.500000
2012701386915602.000000
2174852827496265.750000
2350067850113353.500000
2539398910267582.500000
2743983253571825.000000
2965049746787949.500000
3203926259201148.000000
3462047638667818.000000
3740964330244720.000000
4042351689172233.000000
4368020044148560.500000
4719925571342693.000000
5100182044461726.000000
5511073531451755.000000
5955068114098369.000000
6434832712930547.000000
6953249106483651.000000
7513431241135667.000000
8118743935497827.000000
8772823091706820.000000
9479597535016794.000000
10243312612886240.000000
11068555695295946.000000
11960283729478694.000000
12923853014573988.000000
13965051375048230.000000
15090132926132826.000000
16305855640118378.000000
17619521939129410.000000
19039022558230508.000000
20572883942317240.000000
22230319461492024.000000
24021284752573284.000000
25956537519116272.000000
28047702149203940.000000
30307339539066724.000000
32749022542025304.000000
35387417495872500.000000
38238372318447080.000000
41319011700550360.000000
44647839967982640.000000
48244852230578312.000000
52131654485845720.000000
56331593398665648.000000
60869896536552848.000000
65773823902846488.000000
71072831678049408.000000
76798749152817520.000000
82985969915409152.000000
89671658441953376.000000
96895973330513168.000000
104702308519764480.000000
113137553941212928.000000
122252377170712352.000000
132101527770824176.000000
142744166152436672.000000
154244218930633600.000000
166670762909610944.000000
180098440002874624.000000
194607905581248128.000000
210286312941499264.000000
227227836805808704.000000
245534238996368320.000000
265315479683273920.000000
286690377876833248.000000
309787325131861632.000000
334745056751035328.000000
361713485119336000.000000
390854600175606336.000000
422343442429383040.000000
456369154368295744.000000
493136116570948736.000000
532865175349714688.000000
575794969297605056.000000
622183362706793856.000000
672308994469618304.000000
726472951765040512.000000
785000578584543104.000000
848243429959588608.000000
916581383630317440.000000
990424921838434944.000000
1070217596950795392.000000
1156438695723676928.000000
1249606118211398400.000000
1350279488610603008.000000
1459063516728193024.000000
1576611630261590272.000000
1703629899711324416.000000
1840881279499943424.000000
1989190190772975616.000000
2149447473409379840.000000
2322615736985102848.000000
2509735142833618432.000000
2711929651932340224.000000
2930413776142759936.000000
3166499873360926208.000000
3421606030392347136.000000
3697264580904993280.000000
3995131309622800384.000000
4316995398047048192.000000
4664790171444381696.000000
5040604711658570752.000000
5446696405495261184.000000
5885504504055995392.000000
6359664774470813696.000000
6872025332028482560.000000
7425663747815436288.000000
8023905534606107648.000000
8670344122062432256.000000
9368862441209831424.000000
10123656247848271872.000000
10939259324994953216.000000
11820570715734943744.000000
12772884150066554880.000000
13801919842486116352.000000
14913858851324684288.000000
16115380206205358080.000000
17413701026644871168.000000
18816619872772599808.000000
20332563588561031168.000000
21970637918930685952.000000
23740682204792791040.000000
25653328484527935488.000000
27720065356936773632.000000
29953306989239693312.000000
32366467684647055360.000000
34974042457403203584.000000
37791694099277504512.000000
40836347260481929216.000000
44126290110143709184.000000
47681284186964484096.000000
51522683099876245504.000000
55673560791723229184.000000
60158850136378310656.000000
65005492701827932160.000000
70242600578763784192.000000
75901631246759919616.000000
82016576528356982784.000000
88624166766103691264.000000
95764091448882249728.000000
103479237612835536896.000000
111815947448837619712.000000
120824296663855874048.000000
130558395268209639424.000000
141076712595582353408.000000
152442428507864825856.000000
164723812894567464960.000000
177994635746199994368.000000
192334610264898928640.000000
207829871673743278080.000000
224573494601087483904.000000
242666052147272155136.000000
262216219992253235200.000000
283341429172359102464.000000
306168571447674667008.000000
330834761496483594240.000000
357488160515307798528.000000
386288866171572387840.000000
417409874254370635776.000000
451038117799817314304.000000
487375589932575555584.000000
526640557168063545344.000000
569068870463205933056.000000
614915381890962685952.000000
664455475447714807808.000000
717986721188802592768.000000
775830662628029366272.000000
838334748137488384000.000000
905874417948472770560.000000
978855359290112081920.000000
1057715943210794483712.000000
1142929857720476106752.000000
1235008953068755615744.000000
1334506316251152777216.000000
1442019593209455050752.000000
1558194578682391298048.000000
1683729095269316820992.000000
1819377185007091056640.000000
1965953638637341245440.000000
2124338889770255253504.000000
2295484303342127808512.000000
2480417890132434616320.000000
2680250481665700265984.000000
2896182402589375070208.000000
3129510680604606201856.000000
3381636837259333337088.000000
3654075306399048400896.000000
3948462530842813005824.000000
4266566791922852560896.000000
4610298830936242913280.000000
4981723326298237960192.000000
5383071295346465308672.000000
5816753495284261060608.000000
6285374903756310708224.000000
6791750366041973194752.000000
7338921502846719361024.000000
7930174980257907474432.000000
8569062251601206444032.000000
9259420889780877000704.000000
10005397638240488390656.000000
10811473319005683449856.000000
11682489747417553960960.000000
12623678815225249792000.000000
13640693916739351609344.000000
14739643906794847207424.000000
15927129794512011919360.000000
17210284393254900203520.000000
18596815164948602683392.000000
20095050516121759252480.000000
21713989823730666176512.000000
23463357491277815873536.000000
25353661359917230981120.000000
27396255825374404935680.000000
29603410039861468463104.000000
31988381608571339538432.000000
34565496223503675817984.000000
37350233712881674747904.000000
40359321023094129164288.000000
43610832691612371386368.000000
47124299414441977446400.000000
50920825360188350398464.000000
55023214935436867665920.000000
59456109762870564093952.000000
64246136694894074265600.000000
69422067751842389950464.000000
75014992945477717065728.000000
81058507025821219160064.000000
87588911273126005833728.000000
94645431546949289377792.000000
102270453902275984228352.000000
110509779187695546793984.000000
119412898155152680157184.000000
129033288733609877831680.000000
139428737252296738471936.000000
150661685543059522060288.000000
162799606006632968880128.000000
175915406895807090130944.000000
190087870249856663552000.000000
205402125110778915717120.000000
221950158863731953500160.000000
239831369773162378035200.000000
259153164033492024033280.000000
280031600920643766321152.000000
302592089919616167444480.000000
326970144015541736570880.000000
353312193672827059044352.000000
381776466391894750920704.000000
412533937126587462844416.000000
445769355271030978904064.000000
481682354384730192871424.000000
520488651321858936799232.000000
562421341966902849699840.000000
607732301360477868392448.000000
656693696624766220238848.000000
709599621776413558833152.000000
766767864246707932889088.000000
828541813719690251337728.000000
895292524754309709037568.000000
967420945579632156999680.000000
1045360326450857405054976.000000
1129578822032516311941120.000000
1220582303440203163893760.000000
1318917396831666863865856.000000
1425174766799765985296384.000000
1539992664288142339080192.000000
1664060760342027158159360.000000
1798124288722147823583232.000000
1942988522262785083572224.000000
2099523609865617382834176.000000
2268669803180041330229248.000000
2451443104367279555477504.000000
2648941368869800420311040.000000
2862350899847271947436032.000000
3092953573884547574005760.000000
3342134540777574337871872.000000
3611390543644374509551616.000000
3902338909339474188042240.000000
4216727263171609714753536.000000
4556444026278971730558976.000000
4923529758715390283743232.000000
5320189416384240585539584.000000
5748805595437533832937472.000000
6211952843700660137361408.000000
6712413125082505445113856.000000
7253192529860961824145408.000000
7837539331220132033724416.000000
8468963496492289381892096.000000
9151257770306967187750912.000000
9888520456286238486298624.000000
10685180034122376221294592.000000
11546021759911527352107008.000000
12476216409516259447668736.000000
13481351337611520076939264.000000
14567464038976730372767744.000000
15741078413618079468617728.000000
17009243953560977229742080.000000
18379578086686498121318400.000000
19860311931964957065740288.000000
21460339740914011122696192.000000
23189272322263148635619328.000000
25057494770732567160160256.000000
27076228846667598181433344.000000
29257600381240091734966272.000000
31614712112086667747131392.000000
34161722386875001071468544.000000
36913930207571595950555136.000000
39887867126185332591034368.000000
43101396544060962956640256.000000
46573821011073748307017728.000000
50325998169314046230134784.000000
54380466037687156377387008.000000
58761578389898191125348352.000000
63495651039090444026773504.000000
68611119907752204623151104.000000
74138711832367692282593280.000000
80111629128821822608900096.000000
86565749027106959489236992.000000
93539839173335908674961408.000000
101075790493472606948163584.000000
109218868817468595732742144.000000
118017986775357154268282880.000000
127525997598327086501593088.000000
137800012589642304534347776.000000
148901744172328346808483840.000000
160897876574120036049879040.000000
173860466376392498168725504.000000
187867375332903534555299840.000000
203002738058153157267030016.000000
219357467394657765029838848.000000
237029800494668892491218944.000000
256125888896512973483278336.000000
276760436139779987316146176.000000
299057386749513660469608448.000000
323150670727623592271413248.000000
349185008023830129541120000.000000
377316777817796098721316864.000000
407714957834274158755708928.000000
440562139333419018406068224.000000
476055623872752685219315712.000000
514408608428709936176824320.000000
555851465996508956949741568.000000
600633129360430098525716480.000000
649022586346056941972750336.000000
701310495536364526277492736.000000
757810932156384857854836736.000000
818863274613525293161250816.000000
884834243025164011034378240.000000
956120101978461828710137856.000000
1033149040753516091598176256.000000
1116383745306914634682335232.000000
1206324177464671648656392192.000000
1303510578018899437027328000.000000
1408526711765053132089851904.000000
1522003373974247997354016768.000000
1644622179359234196210974720.000000
1777119656297266635195023360.000000
1920291670898353417157083136.000000
2074998207495294457800032256.000000
2242168534269814152219328512.000000
2422806785041999899270316032.000000
2617997990752075779430940672.000000
2828914596862046506233888768.000000
3056823505827084300982419456.000000
3303093686936316319327322112.000000
3569204399233527401213329408.000000
3856754076910141191974027264.000000
4167469930542072844932612096.000000
4503218321839517124964384768.000000
4866015974232546240387612672.000000
5258042086623543500010946560.000000
5681651423074624573448126464.000000
6139388457055525272392040448.000000
6634002655204907034844594176.000000
7168464992419564393760555008.000000
7745985797462003955812794368.000000
8370034036287503714706522112.000000
9044358148908787532222693376.000000
9773008564971208898498265088.000000
10560362033265823262760239104.000000
11411147911335918330219331584.000000
12330476573076535681453391872.000000
13323870104965636910907129856.000000
14397295475311524412636790784.000000
15557200375751216748078039040.000000
16810551950280681957145706496.000000
18164878644461397865138225152.000000
19628315426164272665085345792.000000
21209652649481071084158582784.000000
22918388855314531498529390592.000000
24764787825802912713685336064.000000
26759940235279552824171560960.000000
28915830268070140480180977664.000000
31245407603321856141553565696.000000
33762665199198813892009525248.000000
36482723343699583502699724800.000000
39421920476962132922327891968.000000
42597911330549062161515151360.000000
46029772973282042996896825344.000000
49738119400526463336198438912.000000
53745225355270512642386558976.000000
58075160124736960746903044096.000000
62753932116186341394853396480.000000
67809645080349250450884657152.000000
73272666920850177300298203136.000000
79175812103600611374284144640.000000
85554538761860402646987309056.000000
92447161680857250230167404544.000000
99895082441346795655747600384.000000
107943038104412188062611668992.000000
116639369931476965611637047296.000000
126036313753308306627889201152.000000
136190313732437648128409075712.000000
147162361403577047683004628992.000000
159018362028492260166760136704.000000
171829530465855536408735776768.000000
185672818934121824237578616832.000000
200631379236606227985253531648.000000
216795062225369186142695456768.000000
234260957503939615481267224576.000000
253133976610650825003435556864.000000
273527483185691264846575697920.000000
295563973906896034193580490752.000000
319375814284538401760705773568.000000
345106033734849234103976329216.000000
372909184707648456064598278144.000000
402952271029179411557179719680.000000
435415751035669384061146628096.000000
470494621523574160150363111424.000000
508399589027500545598279385088.000000
549358335460553582476051611648.000000
593616885720235876914300977152.000000
641441085474413740512767901696.000000
693118198003038239307635621888.000000
748958629688727739034324959232.000000
809297794519525269596371156992.000000
874498128803691180872272183296.000000
944951268198168637110078144512.000000
1021080400127057942650080460800.000000
1103342805721303347492068261888.000000
1192232606546471232532427833344.000000
1288283732618660431989091336192.000000
1392073129535741373097967616000.000000
1504224223988670417908592017408.000000
1625410668467612787260233089024.000000
1756360387657192980637663887360.000000
1897859950827046171429786615808.000000
2050759296477528937890687483904.000000
2215976837625129182180763762688.000000
2394504978388055041978449002496.000000
2587416075011660713774945402880.000000
2795868877139068555553245495296.000000
3021115488014153513260971720704.000000
3264508885430571307447519019008.000000
3527511048596046789922776940544.000000
3811701739732338547018092773376.000000
4118787993154885020165911609344.000000
4450614368832484074317827538944.000000
4809174032015645511284164657152.000000
5196620725483993894692174430208.000000
5615281706329569791886156103680.000000
6067671724975006315477326626816.000000
6556508130404240571700728561664.000000
7084727192329383459622913835008.000000
7655501738336879210725338251264.000000
8272260211957191111548038283264.000000
8938707266128639744051498713088.000000
9658846015754490189987578904576.000000
10437002083016035871174166577152.000000
11277849579877404049608085078016.000000
12186439183844756798832723886080.000000
13168228475625327008774155665408.000000
14229114720905162806088553201664.000000
15375470293172612302205226057728.000000
16614180950337655864642477490176.000000
17952687195078608081376832913408.000000
19399028967347062209003057577984.000000
20961893937479461698966028025856.000000
22650669690000034351945816735744.000000
24475500111569908340427954585600.000000
26447346321769492928563985252352.000000
28578052512720618518809157828608.000000
30880417093024550068496860446720.000000
33368269563317633953043637600256.000000
36056553585277546631953649762304.000000
38961416742960516642075551203328.000000
42100307535728233456445763354624.000000
45492080185282302823774325571584.000000
49157107886391169362483403030528.000000
53117405181577333907286025830400.000000
57396760194773370116228708827136.000000
62020877518298677236423989395456.000000
67017532611361337760325021204480.000000
72416738637562205883940732928000.000000
78250926743495027132578733752320.000000
84555140861301594357960135409664.000000
91367248205383630382984293515264.000000
98728166727532954537473182007296.000000
106682110896775295687510204612608.000000
115276857280261824863544516018176.000000
124564031520449193092446418894848.000000
134599418432311104034376060502016.000000
145443297083239440697849869762560.000000
157160802868414063973313793753088.000000
169822318756364132761447922925568.000000
183503898054862729938999376347136.000000
198287721236702198119049073786880.000000
214262589569017567737655265853440.000000
231524458511552009115479759126528.000000
250177014087688676306380027592704.000000
270332295690069671318235794898944.000000
292111369062250673607569408262144.000000
315645053498362857184928404078592.000000
341074707628890927912084893073408.000000
368553078512730026462235028619264.000000
398245219135415513203275596824576.000000
430329479824797860749849093210112.000000
464998579539285627995873087586304.000000
502460763463353510325537269088256.000000
542941053863685004169592889671680.000000
586682601719446609479011649191936.000000
633948147245307614391676000272384.000000
685021598080270282368662844211200.000000
740209734621791164651568730472448.000000
799844052748676935297659947712512.000000
864282755000907405912190381719552.000000
933912902177542303444153854328832.000000
1009152738275764640763285371617280.000000
1090454202736621667401813974843392.000000
1178305645087503895393418252124160.000000
1273234758287701736008801681670144.000000
1375811748395386661607327733383168.000000
1486652759596662826909006062157824.000000
1606423575168517884468488147304448.000000
1735843616607229080420673929609216.000000
1875690264941495613464137187721216.000000
2026803530189496301554209875034112.000000
2190091097005419252216386925101056.000000
2366533776825611077656798931451904.000000
2557191399259238593882762585833472.000000
2763209178115441523884775733985280.000000
2985824590303951675941620690190336.000000
3226374808925725869599726078263296.000000
3486304735205538047710655795953664.000000
3767175677510390566607050929864704.000000
4070674729582629903074520205361152.000000
4398624904324600776961732993089536.000000
4752996084000218366467019393466368.000000
5135916852630385359857355440783360.000000
5549687281655227552340320758792192.000000
5996792745659916951502273103527936.000000
6479918851152713717084195192307712.000000
7001967568065544512603869849583616.000000
7566074660876382383887238310133760.000000
8175628524051490141061250853896192.000000
8834290534946562783655234742779904.000000
9546017046426787315870703068119040.000000
10315083151294563301143174998654976.000000
11146108361283494060985260575817728.000000
12044084354846857051087017512796160.000000
13014404960438516522118267694743552.000000
14062898555350286548199641012240384.000000
15195863074743548474132628892549120.000000
16420103841144199698450413774700544.000000
17742974441648494258964412877504512.000000
19172420898347837974258340771921920.000000
20717029397313799947028147570999296.000000
22386077862818928145040948752023552.000000
24189591686596359243714602159046656.000000
26138403946859418379694822897221632.000000
28244220478835469186314522530414592.000000
30519690187621017871726092371361792.000000
32978481025750865434686940103311360.000000
35635362091811478769998653634379776.000000
38506292343268013052971590877184000.000000
41608516456352893902862060078759936.000000
44960668408816880816561024894238720.000000
48582883407727811385237696380141568.000000
52496918834638032005394168859852800.000000
56726284934593865708917348030742528.000000
61296386033941447215518881215938560.000000
66234673135282985310036618297475072.000000
71570808806072116021505570790965248.000000
77336845351265260765233047586996224.000000
83567417340380487950815481793871872.000000
90299949645248224107581175941300224.000000
97574882238144992413486472964866048.000000
105435913100644366432806481201987584.000000
113930260702071378308878072696274944.000000
123108947624436303068340377423446016.000000
133027107037255584551834291999342592.000000
143744313863245035314350548985053184.000000
155324942624128290017881013748760576.000000
167838554115896899143393560972230656.000000
181360313236248233388358265403867136.000000
195971440473915963259190189458718720.000000
211759699771761651494572662905110528.000000
228819925694191536342185202447024128.000000
247254593065308228083944905104162816.000000
267174432499366500409605030764609536.000000
288699095520974614899245624823119872.000000
311957873270009487957265736288698368.000000
337090473108438119458206787301277696.000000
364247857793656707379722482922553344.000000
393593152259145316841529496802689024.000000
425302623448914849176809961670311936.000000
459566739091625717983407177916743680.000000
496591311773743759152209117684170752.000000
536598735183913627859268819727941632.000000
579829319954291305546900842557210624.000000
626542737122539100605898220854312960.000000
677019577885416589099746066507497472.000000
731563039011813546527185292455051264.000000
790500744040199528102672543095193600.000000
854186711198834016210329586053939200.000000
923003479869647150936511502457241600.000000
997364408369015034048117858249998336.000000
1077716156846693669277632439030644736.000000
1164541370217750053699549043596722176.000000
1258361577241839093700390881928937472.000000
1359740323164625171037609481610461184.000000
1469286554737590308800235366516785152.000000
1587658277948601994100521693815504896.000000
1715566510433915984028890831431663616.000000
1853779552313495464644251924645806080.000000
2003127601101556055342861220262707200.000000
2164507738413359732281434758078005248.000000
2338889318421447310339568452539252736.000000
2527319790427444518707982554886045696.000000
2730930990525507649630036861005070336.000000
2950945940146283881031265591918329856.000000
3188686192318994906948762861383450624.000000
3445579769781325160493026760214970368.000000
3723169742611848098566215530985816064.000000
4023123496914574363800855112891498496.000000
4347242750224649401513262311486259200.000000
4697474373798491895000971665056202752.000000
5075922086787388321325333332916961280.000000
5484859092547236504394516892789768192.000000
5926741732976246988576423221206712320.000000
6404224242903867355185624877442793472.000000
6920174693153625615839248324583489536.000000
7477692218042502346137469792328613888.000000
8080125630801287251902598567163854848.000000
8731093538726517745082006550215655424.000000
9434506078889431800574656633290883072.000000
10194588404969461845448470843044659200.000000
11015906066273100179894135697619025920.000000
11903392431400590216511998470888882176.000000
12862378321266708450334736837655920640.000000
13898624029478517081485471855276982272.000000
15018353922415437643279397740368363520.000000
16228293826824827603002414770209947648.000000
17535711429511636974932136207411314688.000000
18948459931801885640843032560486318080.000000
20475025220982704163775158905877823488.000000
22124576842060960123810558180709105664.000000
23907023076027511271827769303863656448.000000
25833070455437877346235368367156363264.000000
27914288074817919777709628656617259008.000000
30163177082187262121483834907223392256.000000
32593245769079027984475833393464999936.000000
35219090710138637961073003315561758720.000000
38056484439662632276859300707188080640.000000
41122470191693350845448749584868179968.000000
44435464272793599336544174796672335872.000000
48015366682360548098238116557706231808.000000
51883680644994833264573417403845705728.000000
56063641772848343392432050316205096960.000000
60580357633846243424616942199807934464.000000

optimization finished, #iter = 1000
error = 5.35503e+32

WARNING: reaching max number of iterations
use time:37767.136000
