start
261
283
parsecommandline last line eps:0.000001
end parse command line
55752.000000
170504.000000
55752.000000
55752.000000
48198.000000
170504.000000
55752.000000
55752.000000
53250.000000
170504.000000
55752.000000
55752.000000
52374.000000
170504.000000
55752.000000
55752.000000
52486.000000
170504.000000
55752.000000
55752.000000
52496.000000
168804.000000
55752.000000
55752.000000
52040.000000
142070.000000
55752.000000
55752.000000
47468.000000
170480.000000
55752.000000
55752.000000
48920.000000
155154.000000
55752.000000
55714.000000
47874.000000
161162.000000
55752.000000
55508.000000
47862.000000
149088.000000
55752.000000
53506.000000
45686.000000
159870.000000
55752.000000
53608.000000
46772.000000
142774.000000
55752.000000
51038.000000
39492.000000
146454.000000
55752.000000
50880.000000
40518.000000
141152.000000
55736.000000
50098.000000
32252.000000
113024.000000
54084.000000
48306.000000
52950.000000
48426.000000
45502.000000
47606.000000
79276.000000
50294.000000
36804.000000
120752.000000
54430.000000
48646.000000
28256.000000
38998.000000
120142.000000
54042.000000
48478.000000
28550.000000
38518.000000
113366.000000
53076.000000
47814.000000
43930.000000
46532.000000
75482.000000
49596.000000
26012.000000
64448.000000
48878.000000
17380.000000
17160.000000
17310.000000
16936.000000
17674.000000
16772.000000
20760.000000
22854.000000
52220.000000
47768.000000
39986.000000
45230.000000
88144.000000
50542.000000
39778.000000
101004.000000
51564.000000
45314.000000
75348.000000
49494.000000
22832.000000
45704.000000
46024.000000
59510.000000
48252.000000
20336.000000
20814.000000
37476.000000
42676.000000
83442.000000
49990.000000
31930.000000
71544.000000
49178.000000
17112.000000
23984.000000
26662.000000
53804.000000
47240.000000
30714.000000
35740.000000
75938.000000
49458.000000
20802.000000
33690.000000
38508.000000
76192.000000
49444.000000
20542.000000
31834.000000
36034.000000
69994.000000
48934.000000
15004.000000
17904.000000
16462.000000
21512.000000
21430.000000
33652.000000
37704.000000
70018.000000
48912.000000
14664.000000
17202.000000
15624.000000
19624.000000
18558.000000
25876.000000
27718.000000
48762.000000
45666.000000
40444.000000
42218.000000
60830.000000
47816.000000
15864.000000
14148.000000
16250.000000
14554.000000
17106.000000
15462.000000
19164.000000
17668.000000
23292.000000
23414.000000
36108.000000
39004.000000
63854.000000
48244.000000
13462.000000
13004.000000
13350.000000
12968.000000
13254.000000
12900.000000
13168.000000
12848.000000
13112.000000
12788.000000
13000.000000
12756.000000
12946.000000
12704.000000
12856.000000
12654.000000
12788.000000
12618.000000
12750.000000
12546.000000
12702.000000
12504.000000
12666.000000
12462.000000
12630.000000
12390.000000
12560.000000
12330.000000
12528.000000
12276.000000
12488.000000
12222.000000
12472.000000
12150.000000
12454.000000
12088.000000
12514.000000
12034.000000
12600.000000
11922.000000
12636.000000
11834.000000
12738.000000
11858.000000
12940.000000
11964.000000
13296.000000
12116.000000
13818.000000
12538.000000
14820.000000
13548.000000
16910.000000
15932.000000
21890.000000
23250.000000
40288.000000
42892.000000
64836.000000
48626.000000
11536.000000
12092.000000
11522.000000
12150.000000
11490.000000
12190.000000
11496.000000
12276.000000
11462.000000
12434.000000
11442.000000
12626.000000
11518.000000
12880.000000
11730.000000
13484.000000
12220.000000
14330.000000
13172.000000
16256.000000
15214.000000
20346.000000
21074.000000
34328.000000
39066.000000
74728.000000
49492.000000
18280.000000
25914.000000
28888.000000
53220.000000
46834.000000
24354.000000
26168.000000
44106.000000
44098.000000
50234.000000
46034.000000
31582.000000
34794.000000
60366.000000
47852.000000
12598.000000
11336.000000
12298.000000
11166.000000
12018.000000
11022.000000
11880.000000
11008.000000
11720.000000
10938.000000
11546.000000
10932.000000
11470.000000
10874.000000
11374.000000
10830.000000
11284.000000
10790.000000
11182.000000
10758.000000
11124.000000
10722.000000
11054.000000
10688.000000
10996.000000
10662.000000
10960.000000
10634.000000
10910.000000
10608.000000
10850.000000
10576.000000
10800.000000
10524.000000
10752.000000
10512.000000
10712.000000
10494.000000
10690.000000
10462.000000
10668.000000
10436.000000
10628.000000
10410.000000
10598.000000
10378.000000
10592.000000
10360.000000
10564.000000
10302.000000
10558.000000
10250.000000
10586.000000
10196.000000
10612.000000
10156.000000
10628.000000
10180.000000
10706.000000
10174.000000
10778.000000
10158.000000
10876.000000
10178.000000
11082.000000
10256.000000
11342.000000
10370.000000
11630.000000
10596.000000
12062.000000
10952.000000
12612.000000
11516.000000
13470.000000
12400.000000
15122.000000
14326.000000
18758.000000
19394.000000
30530.000000
35878.000000
75698.000000
49684.000000
19836.000000
29856.000000
34366.000000
68268.000000
48978.000000
11778.000000
13418.000000
12058.000000
13804.000000
12500.000000
14442.000000
13192.000000
15736.000000
14638.000000
18074.000000
17742.000000
24166.000000
26498.000000
45982.000000
44930.000000
43950.000000
44002.000000
49242.000000
45732.000000
32244.000000
35550.000000
61324.000000
47998.000000
10546.000000
9922.000000
10432.000000
9884.000000
10358.000000
9860.000000
10268.000000
9832.000000
10218.000000
9792.000000
10140.000000
9780.000000
10086.000000
9762.000000
10042.000000
9744.000000
9966.000000
9722.000000
9930.000000
9698.000000
9930.000000
9690.000000
9930.000000
9660.000000
9932.000000
9646.000000
9944.000000
9628.000000
9922.000000
9604.000000
9910.000000
9584.000000
9890.000000
9542.000000
9872.000000
9522.000000
9862.000000
9486.000000
9882.000000
9482.000000
9884.000000
9476.000000
9942.000000
9470.000000
10010.000000
9470.000000
10058.000000
9492.000000
10132.000000
9520.000000
10160.000000
9502.000000
10236.000000
9526.000000
10270.000000
9534.000000
10294.000000
9540.000000
10350.000000
9540.000000
10378.000000
9584.000000
10416.000000
9632.000000
10490.000000
9682.000000
10634.000000
9804.000000
10824.000000
9960.000000
11022.000000
10086.000000
11232.000000
10198.000000
11468.000000
10442.000000
11952.000000
10860.000000
12570.000000
11534.000000
13614.000000
12758.000000
15526.000000
14992.000000
19840.000000
21136.000000
34428.000000
39080.000000
74876.000000
49596.000000
18950.000000
26886.000000
30428.000000
57050.000000
47526.000000
13258.000000
11926.000000
13396.000000
12088.000000
13676.000000
12346.000000
13976.000000
12708.000000
14444.000000
13256.000000
15428.000000
14342.000000
17170.000000
16604.000000
21166.000000
22100.000000
33306.000000
37152.000000
67130.000000
48808.000000
10656.000000
11470.000000
10234.000000
11072.000000
10002.000000
10734.000000
9706.000000
10424.000000
9560.000000
10208.000000
9392.000000
9986.000000
9234.000000
9796.000000
9120.000000
9682.000000
9078.000000
9566.000000
9028.000000
9510.000000
8994.000000
9414.000000
8970.000000
9374.000000
8952.000000
9316.000000
8956.000000
9256.000000
8960.000000
9178.000000
8908.000000
9138.000000
8892.000000
9060.000000
8890.000000
9018.000000
8862.000000
9000.000000
8868.000000
8974.000000
8860.000000
8938.000000
8854.000000
8930.000000
8848.000000
8912.000000
8834.000000
8900.000000
8824.000000
8896.000000
8814.000000
8902.000000
8790.000000
8912.000000
8776.000000
8894.000000
8772.000000
8884.000000
8754.000000
8866.000000
8736.000000
8848.000000
8720.000000
8892.000000
8728.000000
8912.000000
8724.000000
8918.000000
8692.000000
8930.000000
8672.000000
8950.000000
8608.000000
8992.000000
8606.000000
9050.000000
8676.000000
9132.000000
8676.000000
9184.000000
8724.000000
9306.000000
8798.000000
9440.000000
8896.000000
9660.000000
9008.000000
9998.000000
9258.000000
10374.000000
9622.000000
10948.000000
10108.000000
11788.000000
10980.000000
13270.000000
12736.000000
16548.000000
17044.000000
25724.000000
30394.000000
66070.000000
48860.000000
10298.000000
11758.000000
10846.000000
12616.000000
11764.000000
14190.000000
13664.000000
17684.000000
18340.000000
27782.000000
32586.000000
69288.000000
49130.000000
12862.000000
15498.000000
14900.000000
18934.000000
19644.000000
29104.000000
33434.000000
66968.000000
48830.000000
10666.000000
11564.000000
10400.000000
11294.000000
10208.000000
11140.000000
10058.000000
10960.000000
9908.000000
10792.000000
9788.000000
10644.000000
9670.000000
10528.000000
9608.000000
10446.000000
9512.000000
10328.000000
9442.000000
10260.000000
9394.000000
10210.000000
9340.000000
10162.000000
9288.000000
10110.000000
9262.000000
10060.000000
9212.000000
10024.000000
9184.000000
9986.000000
9148.000000
9944.000000
9104.000000
9912.000000
9060.000000
9866.000000
9038.000000
9854.000000
9042.000000
9872.000000
9068.000000
9908.000000
9136.000000
9990.000000
9230.000000
10146.000000
9380.000000
10360.000000
9594.000000
10666.000000
9810.000000
11100.000000
10190.000000
11632.000000
10750.000000
12544.000000
11812.000000
14314.000000
13912.000000
18148.000000
19098.000000
29682.000000
34750.000000
74058.000000
49530.000000
18572.000000
26362.000000
30016.000000
57614.000000
47618.000000
10920.000000
9870.000000
10654.000000
9694.000000
10400.000000
9468.000000
10190.000000
9314.000000
10046.000000
9160.000000
9818.000000
8966.000000
9562.000000
8764.000000
9378.000000
8642.000000
9172.000000
8544.000000
8994.000000
8454.000000
8890.000000
8366.000000
8766.000000
8292.000000
8724.000000
8230.000000
8682.000000
8226.000000
8666.000000
8234.000000
8634.000000
8208.000000
8630.000000
8200.000000
8614.000000
8190.000000
8602.000000
8176.000000
8600.000000
8170.000000
8580.000000
8168.000000
8552.000000
8140.000000
8520.000000
8148.000000
8486.000000
8142.000000
8462.000000
8144.000000
8424.000000
8140.000000
8412.000000
8122.000000
8388.000000
8110.000000
8344.000000
8096.000000
8336.000000
8084.000000
8338.000000
8064.000000
8318.000000
8074.000000
8310.000000
8076.000000
8296.000000
8074.000000
8280.000000
8056.000000
8260.000000
8042.000000
8232.000000
8052.000000
8222.000000
8050.000000
8200.000000
8046.000000
8190.000000
8028.000000
8198.000000
8012.000000
8190.000000
8002.000000
8204.000000
8022.000000
8240.000000
7974.000000
8398.000000
8012.000000
8538.000000
8112.000000
8688.000000
8226.000000
8952.000000
8430.000000
9318.000000
8736.000000
9928.000000
9366.000000
10964.000000
10462.000000
13082.000000
12884.000000
17796.000000
19616.000000
34624.000000
39966.000000
83348.000000
50600.000000
31272.000000
66788.000000
48826.000000
10844.000000
12574.000000
11792.000000
14198.000000
13624.000000
17082.000000
17378.000000
24512.000000
27942.000000
53806.000000
47022.000000
16958.000000
16790.000000
21942.000000
23742.000000
38452.000000
41206.000000
64116.000000
48444.000000
8716.000000
9204.000000
8496.000000
8992.000000
8390.000000
8874.000000
8300.000000
8790.000000
8256.000000
8706.000000
8232.000000
8688.000000
8210.000000
8672.000000
8202.000000
8654.000000
8196.000000
8638.000000
8176.000000
8636.000000
8170.000000
8628.000000
8160.000000
8642.000000
8164.000000
8656.000000
8180.000000
8670.000000
8172.000000
8692.000000
8164.000000
8728.000000
8192.000000
8748.000000
8226.000000
8778.000000
8232.000000
8776.000000
8246.000000
8786.000000
8246.000000
8770.000000
8238.000000
8764.000000
8242.000000
8780.000000
8238.000000
8798.000000
8246.000000
8822.000000
8260.000000
8846.000000
8262.000000
8890.000000
8320.000000
8962.000000
8382.000000
9076.000000
8494.000000
9270.000000
8624.000000
9494.000000
8818.000000
9734.000000
9020.000000
10008.000000
9266.000000
10450.000000
9640.000000
11034.000000
10240.000000
11980.000000
11254.000000
13706.000000
13250.000000
16904.000000
17416.000000
25334.000000
29284.000000
59230.000000
47910.000000
8444.000000
7990.000000
8446.000000
7988.000000
8482.000000
8000.000000
8482.000000
8010.000000
8554.000000
8030.000000
8592.000000
8056.000000
8630.000000
8122.000000
8712.000000
8170.000000
8736.000000
8212.000000
8806.000000
8264.000000
8910.000000
8336.000000
9044.000000
8444.000000
9294.000000
8634.000000
9530.000000
8838.000000
9832.000000
9154.000000
10340.000000
9574.000000
11008.000000
10260.000000
12216.000000
11560.000000
14346.000000
14156.000000
18790.000000
20220.000000
32778.000000
37652.000000
76900.000000
49794.000000
22558.000000
36106.000000
39636.000000
68152.000000
48846.000000
11688.000000
12982.000000
11800.000000
13128.000000
12006.000000
13376.000000
12296.000000
13704.000000
12598.000000
14108.000000
13084.000000
14776.000000
13872.000000
15968.000000
15320.000000
18356.000000
18326.000000
23612.000000
25550.000000
40792.000000
42234.000000
55050.000000
46964.000000
13368.000000
11900.000000
12562.000000
11068.000000
11782.000000
10376.000000
10898.000000
9616.000000
10016.000000

optimization finished, #iter = 1000
error = 0.0885369

WARNING: reaching max number of iterations
use time:21237.285000
