.*
optimization finished, #iter = 11
Objective value = -2535.435259
nSV = 6615
.*
optimization finished, #iter = 12
Objective value = -2523.477104
nSV = 6529
.*
optimization finished, #iter = 11
Objective value = -2609.199784
nSV = 6673
.*
optimization finished, #iter = 11
Objective value = -2560.028076
nSV = 6578
.*
optimization finished, #iter = 12
Objective value = -2534.797397
nSV = 6616
.*
optimization finished, #iter = 12
Objective value = -2583.616900
nSV = 6626
.*
optimization finished, #iter = 11
Objective value = -2621.276717
nSV = 6653
.*
optimization finished, #iter = 12
Objective value = -2512.911015
nSV = 6525
.*
optimization finished, #iter = 11
Objective value = -2586.732981
nSV = 6652
.*
optimization finished, #iter = 12
Objective value = -2495.645170
nSV = 6558
.*
optimization finished, #iter = 11
Objective value = -2512.964303
nSV = 6495
.*
optimization finished, #iter = 11
Objective value = -2573.186808
nSV = 6692
.*
optimization finished, #iter = 11
Objective value = -2511.680303
nSV = 6510
.*
optimization finished, #iter = 11
Objective value = -2522.739521
nSV = 6585
.*
optimization finished, #iter = 12
Objective value = -2554.507336
nSV = 6597
.*
optimization finished, #iter = 11
Objective value = -2567.859858
nSV = 6628
.*
optimization finished, #iter = 12
Objective value = -2501.429647
nSV = 6548
.*
optimization finished, #iter = 11
Objective value = -2550.931675
nSV = 6583
.*
optimization finished, #iter = 12
Objective value = -2485.719907
nSV = 6564
.*
optimization finished, #iter = 12
Objective value = -2494.309461
nSV = 6521
.*
optimization finished, #iter = 11
Objective value = -2594.778343
nSV = 6727
.*
optimization finished, #iter = 11
Objective value = -2492.702623
nSV = 6576
.*
optimization finished, #iter = 11
Objective value = -2494.056962
nSV = 6575
.*
optimization finished, #iter = 11
Objective value = -2533.310201
nSV = 6642
.*
optimization finished, #iter = 11
Objective value = -2556.622141
nSV = 6715
.*
optimization finished, #iter = 11
Objective value = -2482.449709
nSV = 6546
.*
optimization finished, #iter = 11
Objective value = -2534.333150
nSV = 6606
trainSerail use time 17176.1 ms.
