.*..*
optimization finished, #iter = 11
Objective value = -2534.753783
nSV = 6625
.*.
optimization finished, #iter = 11
.**Objective value = -2586.732618
nSV = 6642
*
optimization finished, #iter = 12

optimization finished, #iter = 11

optimization finished, #iter = 12
Objective value = -2573.231257
nSV = 6692
Objective value = -2495.606882
nSV = 6575
Objective value = -2522.779180
nSV = 6570

optimization finished, #iter = 12
Objective value = -2609.242434
nSV = 6663
.*
optimization finished, #iter = 11
Objective value = -2501.392184
nSV = 6550
..*..***..*.*
optimization finished, #iter = 12
Objective value = -2554.506875
nSV = 6593

optimization finished, #iter = 11
Objective value = -2512.964201
nSV = 6495
*
optimization finished, #iter = 12
Objective value = -2494.309807
nSV = 6521

optimization finished, #iter = 12
Objective value = -2560.066314
nSV = 6571
..*
optimization finished, #iter = 11
*
optimization finished, #iter = 12
Objective value = -2485.676863
nSV = 6567
.
optimization finished, #iter = 11
Objective value = -2535.435259
Objective value = -2512.913498
nSV = 6524
nSV = 6615
*.
optimization finished, #iter = 11
*Objective value = -2567.855551
nSV = 6625
.
optimization finished, #iter = 11
*
optimization finished, #iter = 12
Objective value = -2621.323564
nSV = 6643
.Objective value = -2492.699770
nSV = 6582

optimization finished, #iter = 11
.*Objective value = -2534.339261
nSV = 6599
*.
optimization finished, #iter = 11
Objective value = -2556.619188
nSV = 6714
*
optimization finished, #iter = 11
Objective value = -2533.303918
nSV = 6648

optimization finished, #iter = 12
.Objective value = -2482.488649
nSV = 6541
.*
optimization finished, #iter = 12
.**Objective value = -2511.720977
nSV = 6502

optimization finished, #iter = 11
.Objective value = -2583.572336
nSV = 6627
*
optimization finished, #iter = 11

optimization finished, #iter = 12
Objective value = -2550.978950
nSV = 6572
Objective value = -2494.058180
nSV = 6583

optimization finished, #iter = 12
Objective value = -2594.818785
nSV = 6720
.*
optimization finished, #iter = 11
Objective value = -2523.435312
nSV = 6541
