.*
optimization finished, #iter = 11
Objective value = -1096.961523
nSV = 3500
.*.*
optimization finished, #iter = 11

optimization finished, #iter = 11
Objective value = -711.306277
nSV = 2470
Objective value = -919.720028
nSV = 3163
*.***.
optimization finished, #iter = 10

optimization finished, #iter = 11
Objective value = -1329.043100
Objective value = -660.108069
nSV = 2436
nSV = 4081

optimization finished, #iter = 9
Objective value = -586.498216
nSV = 2341
*.
optimization finished, #iter = 10
Objective value = -661.513964
nSV = 2387
*.*.
optimization finished, #iter = 10
Objective value = -568.306236
nSV = 2244
.
optimization finished, #iter = 10
Objective value = -850.160337
nSV = 2914

optimization finished, #iter = 11
Objective value = -1156.167033
nSV = 3628
.**
optimization finished, #iter = 11
Objective value = -1539.805027
nSV = 4454
.
optimization finished, #iter = 10
Objective value = -420.169692
nSV = 1741
.*
optimization finished, #iter = 12
Objective value = -1606.865540
nSV = 4490
*
optimization finished, #iter = 9
Objective value = -315.715728
nSV = 1788
*
optimization finished, #iter = 9
Objective value = -400.334371
nSV = 2230
.*
optimization finished, #iter = 11
Objective value = -1389.255257
nSV = 4303
*.
optimization finished, #iter = 10
Objective value = -811.692699
nSV = 3231
*.
optimization finished, #iter = 10
Objective value = -731.947426
nSV = 3021
.*
optimization finished, #iter = 11
Objective value = -1763.350403
nSV = 4881
.*
optimization finished, #iter = 11
Objective value = -1226.690285
nSV = 4022
.*
optimization finished, #iter = 11
Objective value = -1289.012506
nSV = 4078
*.*
optimization finished, #iter = 9
Objective value = -289.691141
nSV = 1730

optimization finished, #iter = 12
Objective value = -1900.689581
nSV = 5283
.*.*
optimization finished, #iter = 11
Objective value = -1710.021773
nSV = 4865

optimization finished, #iter = 11
Objective value = -714.622788
nSV = 3044
.*
optimization finished, #iter = 11
Objective value = -1060.152444
nSV = 3884
*.
optimization finished, #iter = 10
Objective value = -854.892485
nSV = 3579
