..**.*
optimization finished, #iter = 11
.Objective value = -1465.818065
nSV = 4343

optimization finished, #iter = 11
*Objective value = -1415.425928
nSV = 4357

optimization finished, #iter = 11
Objective value = -1295.536110
nSV = 4053

optimization finished, #iter = 11
Objective value = -1264.070705
nSV = 4096
.*
optimization finished, #iter = 11
.*Objective value = -1841.906131
nSV = 4977

optimization finished, #iter = 11
Objective value = -1330.630368
nSV = 4195
.*
optimization finished, #iter = 11
Objective value = -1814.245741
nSV = 5013
.*.*.*
optimization finished, #iter = 11
Objective value = -1504.737117
nSV = 4473

optimization finished, #iter = 11
Objective value = -1980.800931
nSV = 5352

optimization finished, #iter = 11
Objective value = -1985.740307
nSV = 5398
.*
optimization finished, #iter = 11
Objective value = -1006.950511
nSV = 3805
.*.*.*
optimization finished, #iter = 11
.Objective value = -1264.537931
nSV = 4081
*
optimization finished, #iter = 11
.Objective value = -1677.881588
nSV = 4794

optimization finished, #iter = 11

optimization finished, #iter = 11
*Objective value = -1252.713524
nSV = 4020
Objective value = -1692.606808
nSV = 4869
.*.*
optimization finished, #iter = 12

optimization finished, #iter = 11
Objective value = -1737.351266
nSV = 4950
Objective value = -2009.925224
nSV = 5425

optimization finished, #iter = 11
Objective value = -1288.052861
.nSV = 4103
**
optimization finished, #iter = 11
Objective value = -1830.340337
nSV = 4977
*.
optimization finished, #iter = 10
Objective value = -1053.684123
nSV = 3899
*.*.
optimization finished, #iter = 10
Objective value = -690.084612
nSV = 2982
.
optimization finished, #iter = 11
Objective value = -666.982191
nSV = 2983

optimization finished, #iter = 10
Objective value = -674.028401
nSV = 2984
*.
optimization finished, #iter = 10
Objective value = -1021.915313
nSV = 3858
*.*
optimization finished, #iter = 10
Objective value = -891.786291
nSV = 3583
*.
optimization finished, #iter = 10
Objective value = -841.084260
nSV = 3475
.
optimization finished, #iter = 10
Objective value = -895.496118
nSV = 3560
