.*
optimization finished, #iter = 11
Objective value = -919.720028
nSV = 3163
.*.
optimization finished, #iter = 11
*Objective value = -1154.566186
nSV = 3630

optimization finished, #iter = 12
Objective value = -1606.865540
nSV = 4490
**
optimization finished, #iter = 9
Objective value = -586.498216
nSV = 2341
*.
optimization finished, #iter = 10
Objective value = -660.108069
nSV = 2436
.
optimization finished, #iter = 10
Objective value = -598.804378
nSV = 2316
*.*.
optimization finished, #iter = 10
Objective value = -661.513964
nSV = 2387

optimization finished, #iter = 11
Objective value = -963.427238
nSV = 3247
*.
optimization finished, #iter = 9
Objective value = -327.558292
nSV = 1833
*
optimization finished, #iter = 11
Objective value = -1329.043100
nSV = 4081
..**
optimization finished, #iter = 11
*
optimization finished, #iter = 11
Objective value = -1963.996320
nSV = 5207
Objective value = -888.333834
nSV = 2993
.
optimization finished, #iter = 10
Objective value = -484.359933
nSV = 1924
.**.
optimization finished, #iter = 11

optimization finished, #iter = 10
Objective value = -1415.221084
nSV = 4220
Objective value = -598.945301
nSV = 2568
.**
optimization finished, #iter = 11
*Objective value = -1522.336509
nSV = 4642

optimization finished, #iter = 9
Objective value = -289.691141
nSV = 1730
.
optimization finished, #iter = 10
Objective value = -834.305772
nSV = 3314
*.
optimization finished, #iter = 10
Objective value = -731.947426
nSV = 3021
.*
optimization finished, #iter = 11
Objective value = -1533.593436
nSV = 4626
.*
optimization finished, #iter = 12
Objective value = -1956.899053
nSV = 5365
.*.
optimization finished, #iter = 12
Objective value = -2155.010105
nSV = 5578
*.*
optimization finished, #iter = 12
Objective value = -2806.030209
nSV = 6869
.*
optimization finished, #iter = 11
Objective value = -1013.291647
nSV = 3758
.*
optimization finished, #iter = 11
Objective value = -949.771014
nSV = 3840

optimization finished, #iter = 11
Objective value = -2200.601910
nSV = 5856
*.
optimization finished, #iter = 10
Objective value = -1179.845398
nSV = 4284
